<?xml version="1.0" encoding="UTF-8"?>
<testsuite failures="0" skip="0" tests="1" name="Test" errors="0">
<testcase classname="Test.Web" name="Prueba tres" time="40">
</testcase>
</testsuite>
